*** Starting uWSGI 2.0.19.1 (64bit) on [Mon Aug 10 15:24:27 2020] ***
compiled with version: 8.3.1 20191121 (Red Hat 8.3.1-5) on 10 August 2020 06:39:46
os: Linux-4.18.0-147.5.1.el8_1.x86_64 #1 SMP Wed Feb 5 02:00:39 UTC 2020
nodename: iZ2zedsng5s05g9w096401Z
machine: x86_64
clock source: unix
detected number of CPU cores: 1
current working directory: /love
detected binary path: /usr/local/bin/uwsgi
!!! no internal routing support, rebuild with pcre support !!!
uWSGI running as root, you can use --uid/--gid/--chroot options
*** WARNING: you are running uWSGI as root !!! (use the --uid flag) *** 
chdir() to /love
*** WARNING: you are running uWSGI without its master process manager ***
your processes number limit is 7197
your memory page size is 4096 bytes
detected max file descriptor number: 65535
lock engine: pthread robust mutexes
thunder lock: disabled (you can enable it with --thunder-lock)
uwsgi socket 0 bound to TCP address 127.0.0.1:8080 fd 6
uWSGI running as root, you can use --uid/--gid/--chroot options
*** WARNING: you are running uWSGI as root !!! (use the --uid flag) *** 
Python version: 3.6.8 (default, Apr 16 2020, 01:36:27)  [GCC 8.3.1 20191121 (Red Hat 8.3.1-5)]
*** Python threads support is disabled. You can enable it with --enable-threads ***
Python main interpreter initialized at 0xbc7970
uWSGI running as root, you can use --uid/--gid/--chroot options
*** WARNING: you are running uWSGI as root !!! (use the --uid flag) *** 
your server socket listen backlog is limited to 100 connections
your mercy for graceful operations on workers is 60 seconds
mapped 291616 bytes (284 KB) for 4 cores
*** Operational MODE: preforking ***
WSGI app 0 (mountpoint='') ready in 1 seconds on interpreter 0xbc7970 pid: 80030 (default app)
uWSGI running as root, you can use --uid/--gid/--chroot options
*** WARNING: you are running uWSGI as root !!! (use the --uid flag) *** 
*** uWSGI is running in multiple interpreter mode ***
spawned uWSGI worker 1 (pid: 80030, cores: 1)
spawned uWSGI worker 2 (pid: 80032, cores: 1)
spawned uWSGI worker 3 (pid: 80033, cores: 1)
spawned uWSGI worker 4 (pid: 80034, cores: 1)
*** Starting uWSGI 2.0.19.1 (64bit) on [Wed Aug 12 14:07:15 2020] ***
compiled with version: 8.3.1 20191121 (Red Hat 8.3.1-5) on 10 August 2020 06:39:46
os: Linux-4.18.0-193.14.2.el8_2.x86_64 #1 SMP Sun Jul 26 03:54:29 UTC 2020
nodename: iZ2zedsng5s05g9w096401Z
machine: x86_64
clock source: unix
detected number of CPU cores: 1
current working directory: /love
writing pidfile to /love/uwsgi.pid
detected binary path: /usr/local/bin/uwsgi
!!! no internal routing support, rebuild with pcre support !!!
uWSGI running as root, you can use --uid/--gid/--chroot options
*** WARNING: you are running uWSGI as root !!! (use the --uid flag) *** 
chdir() to /love
your processes number limit is 7186
your memory page size is 4096 bytes
detected max file descriptor number: 65535
building mime-types dictionary from file /etc/mime.types...1183 entry found
lock engine: pthread robust mutexes
thunder lock: enabled
uWSGI http bound on 0.0.0.0:8080 fd 7
uwsgi socket 0 bound to TCP address 127.0.0.1:45285 (port auto-assigned) fd 6
uWSGI running as root, you can use --uid/--gid/--chroot options
*** WARNING: you are running uWSGI as root !!! (use the --uid flag) *** 
Python version: 3.6.8 (default, Apr 16 2020, 01:36:27)  [GCC 8.3.1 20191121 (Red Hat 8.3.1-5)]
Python main interpreter initialized at 0x237f030
uWSGI running as root, you can use --uid/--gid/--chroot options
*** WARNING: you are running uWSGI as root !!! (use the --uid flag) *** 
python threads support enabled
your server socket listen backlog is limited to 100 connections
your mercy for graceful operations on workers is 60 seconds
mapped 162192 bytes (158 KB) for 1 cores
*** Operational MODE: single process ***
WSGI app 0 (mountpoint='') ready in 0 seconds on interpreter 0x237f030 pid: 4693 (default app)
uWSGI running as root, you can use --uid/--gid/--chroot options
*** WARNING: you are running uWSGI as root !!! (use the --uid flag) *** 
*** uWSGI is running in multiple interpreter mode ***
spawned uWSGI master process (pid: 4693)
spawned uWSGI worker 1 (pid: 4695, cores: 1)
spawned uWSGI http 1 (pid: 4696)
gateway "uWSGI http 1" has been buried (pid: 4696)
...brutally killing workers...
worker 1 buried after 1 seconds
binary reloading uWSGI...
chdir() to /love
closing all non-uwsgi socket fds > 2 (max_fd = 65535)...
found fd 6 mapped to socket 0 (127.0.0.1:45285)
running /usr/local/bin/uwsgi
[uWSGI] getting INI configuration from uwsgi.ini
[uwsgi-static] added mapping for /static => /love/static
*** Starting uWSGI 2.0.19.1 (64bit) on [Thu Aug 20 11:21:48 2020] ***
compiled with version: 8.3.1 20191121 (Red Hat 8.3.1-5) on 10 August 2020 06:39:46
os: Linux-4.18.0-193.14.2.el8_2.x86_64 #1 SMP Sun Jul 26 03:54:29 UTC 2020
nodename: iZ2zedsng5s05g9w096401Z
machine: x86_64
clock source: unix
detected number of CPU cores: 1
current working directory: /love
detected binary path: /usr/local/bin/uwsgi
!!! no internal routing support, rebuild with pcre support !!!
uWSGI running as root, you can use --uid/--gid/--chroot options
*** WARNING: you are running uWSGI as root !!! (use the --uid flag) *** 
chdir() to /love
your processes number limit is 7186
your memory page size is 4096 bytes
detected max file descriptor number: 65535
building mime-types dictionary from file /etc/mime.types...1183 entry found
lock engine: pthread robust mutexes
thunder lock: enabled
uWSGI http bound on 0.0.0.0:8080 fd 8
uwsgi socket 0 bound to TCP address 127.0.0.1:44397 (port auto-assigned) fd 7
uWSGI running as root, you can use --uid/--gid/--chroot options
*** WARNING: you are running uWSGI as root !!! (use the --uid flag) *** 
Python version: 3.6.8 (default, Apr 16 2020, 01:36:27)  [GCC 8.3.1 20191121 (Red Hat 8.3.1-5)]
Python main interpreter initialized at 0x158df90
uWSGI running as root, you can use --uid/--gid/--chroot options
*** WARNING: you are running uWSGI as root !!! (use the --uid flag) *** 
python threads support enabled
your server socket listen backlog is limited to 100 connections
your mercy for graceful operations on workers is 60 seconds
mapped 162192 bytes (158 KB) for 1 cores
*** Operational MODE: single process ***
WSGI app 0 (mountpoint='') ready in 0 seconds on interpreter 0x158df90 pid: 4693 (default app)
uWSGI running as root, you can use --uid/--gid/--chroot options
*** WARNING: you are running uWSGI as root !!! (use the --uid flag) *** 
*** uWSGI is running in multiple interpreter mode ***
gracefully (RE)spawned uWSGI master process (pid: 4693)
spawned uWSGI worker 1 (pid: 17051, cores: 1)
spawned uWSGI http 1 (pid: 17052)
*** Starting uWSGI 2.0.19.1 (64bit) on [Thu Aug 20 11:27:44 2020] ***
compiled with version: 8.3.1 20191121 (Red Hat 8.3.1-5) on 10 August 2020 06:39:46
os: Linux-4.18.0-193.14.2.el8_2.x86_64 #1 SMP Sun Jul 26 03:54:29 UTC 2020
nodename: iZ2zedsng5s05g9w096401Z
machine: x86_64
clock source: unix
detected number of CPU cores: 1
current working directory: /love
writing pidfile to /love/uwsgi.pid
detected binary path: /usr/local/bin/uwsgi
!!! no internal routing support, rebuild with pcre support !!!
uWSGI running as root, you can use --uid/--gid/--chroot options
*** WARNING: you are running uWSGI as root !!! (use the --uid flag) *** 
chdir() to /love
your processes number limit is 7185
your memory page size is 4096 bytes
detected max file descriptor number: 65535
building mime-types dictionary from file /etc/mime.types...1183 entry found
lock engine: pthread robust mutexes
thunder lock: enabled
uWSGI http bound on 0.0.0.0:8080 fd 7
uwsgi socket 0 bound to TCP address 127.0.0.1:44461 (port auto-assigned) fd 6
uWSGI running as root, you can use --uid/--gid/--chroot options
*** WARNING: you are running uWSGI as root !!! (use the --uid flag) *** 
Python version: 3.6.8 (default, Apr 16 2020, 01:36:27)  [GCC 8.3.1 20191121 (Red Hat 8.3.1-5)]
Python main interpreter initialized at 0x986030
uWSGI running as root, you can use --uid/--gid/--chroot options
*** WARNING: you are running uWSGI as root !!! (use the --uid flag) *** 
python threads support enabled
your server socket listen backlog is limited to 100 connections
your mercy for graceful operations on workers is 60 seconds
mapped 162192 bytes (158 KB) for 1 cores
*** Operational MODE: single process ***
WSGI app 0 (mountpoint='') ready in 0 seconds on interpreter 0x986030 pid: 1104 (default app)
uWSGI running as root, you can use --uid/--gid/--chroot options
*** WARNING: you are running uWSGI as root !!! (use the --uid flag) *** 
*** uWSGI is running in multiple interpreter mode ***
spawned uWSGI master process (pid: 1104)
spawned uWSGI worker 1 (pid: 1106, cores: 1)
spawned uWSGI http 1 (pid: 1107)
